1615409037786	geckodriver	INFO	Listening on 127.0.0.1:44819
1615409038783	mozrunner::runner	INFO	Running command: "/usr/bin/firefox" "--marionette" "--headless" "-foreground" "-no-remote" "-profile" "/tmp/rust_mozprofile4fW5Rl"
*** You are running in headless mode.

(/usr/lib/firefox/firefox:63186): GLib-GObject-CRITICAL **: 17:44:00.735: g_object_set: assertion 'G_IS_OBJECT (object)' failed

(/usr/lib/firefox/firefox:63203): GLib-GObject-CRITICAL **: 17:44:00.965: g_object_set: assertion 'G_IS_OBJECT (object)' failed
console.warn: SearchSettings: "get: No settings file exists, new profile?" (new Error("", "(unknown module)"))
1615409042186	Marionette	INFO	Listening on port 45529
1615409042233	Marionette	WARN	TLS certificate errors will be ignored for this session

(/usr/lib/firefox/firefox:63273): GLib-GObject-CRITICAL **: 17:44:02.407: g_object_set: assertion 'G_IS_OBJECT (object)' failed

(/usr/lib/firefox/firefox:63289): GLib-GObject-CRITICAL **: 17:44:02.698: g_object_set: assertion 'G_IS_OBJECT (object)' failed
1615409048210	Marionette	INFO	Stopped listening on port 45529
1615409049349	geckodriver	INFO	Listening on 127.0.0.1:48017
1615409049359	mozrunner::runner	INFO	Running command: "/usr/bin/firefox" "--marionette" "--headless" "-foreground" "-no-remote" "-profile" "/tmp/rust_mozprofile7Czjb6"
*** You are running in headless mode.

(/usr/lib/firefox/firefox:63428): GLib-GObject-CRITICAL **: 17:44:10.864: g_object_set: assertion 'G_IS_OBJECT (object)' failed
console.warn: SearchSettings: "get: No settings file exists, new profile?" (new Error("", "(unknown module)"))

(/usr/lib/firefox/firefox:63445): GLib-GObject-CRITICAL **: 17:44:11.175: g_object_set: assertion 'G_IS_OBJECT (object)' failed
1615409052363	Marionette	INFO	Listening on port 34463
1615409052407	Marionette	WARN	TLS certificate errors will be ignored for this session

(/usr/lib/firefox/firefox:63532): GLib-GObject-CRITICAL **: 17:44:12.603: g_object_set: assertion 'G_IS_OBJECT (object)' failed

(/usr/lib/firefox/firefox:63548): GLib-GObject-CRITICAL **: 17:44:12.933: g_object_set: assertion 'G_IS_OBJECT (object)' failed
1615409057535	Marionette	INFO	Stopped listening on port 34463

###!!! [Parent][RunMessage] Error: Channel closing: too late to send/recv, messages will be lost


###!!! [Parent][RunMessage] Error: Channel closing: too late to send/recv, messages will be lost

1615409058611	geckodriver	INFO	Listening on 127.0.0.1:50311
1615409059615	mozrunner::runner	INFO	Running command: "/usr/bin/firefox" "--marionette" "--headless" "-foreground" "-no-remote" "-profile" "/tmp/rust_mozprofilePZKZLf"
*** You are running in headless mode.

(/usr/lib/firefox/firefox:63677): GLib-GObject-CRITICAL **: 17:44:21.050: g_object_set: assertion 'G_IS_OBJECT (object)' failed

(/usr/lib/firefox/firefox:63694): GLib-GObject-CRITICAL **: 17:44:21.344: g_object_set: assertion 'G_IS_OBJECT (object)' failed
console.warn: SearchSettings: "get: No settings file exists, new profile?" (new Error("", "(unknown module)"))
1615409062587	Marionette	INFO	Listening on port 44223
1615409062657	Marionette	WARN	TLS certificate errors will be ignored for this session

(/usr/lib/firefox/firefox:63775): GLib-GObject-CRITICAL **: 17:44:22.764: g_object_set: assertion 'G_IS_OBJECT (object)' failed

(/usr/lib/firefox/firefox:63791): GLib-GObject-CRITICAL **: 17:44:23.108: g_object_set: assertion 'G_IS_OBJECT (object)' failed
1615409067689	Marionette	INFO	Stopped listening on port 44223

###!!! [Parent][RunMessage] Error: Channel closing: too late to send/recv, messages will be lost


###!!! [Parent][RunMessage] Error: Channel closing: too late to send/recv, messages will be lost

1615409068784	geckodriver	INFO	Listening on 127.0.0.1:45667
1615409069788	mozrunner::runner	INFO	Running command: "/usr/bin/firefox" "--marionette" "--headless" "-foreground" "-no-remote" "-profile" "/tmp/rust_mozprofileYrMTQ3"
*** You are running in headless mode.

(/usr/lib/firefox/firefox:63909): GLib-GObject-CRITICAL **: 17:44:31.319: g_object_set: assertion 'G_IS_OBJECT (object)' failed

(/usr/lib/firefox/firefox:63926): GLib-GObject-CRITICAL **: 17:44:31.625: g_object_set: assertion 'G_IS_OBJECT (object)' failed
console.warn: SearchSettings: "get: No settings file exists, new profile?" (new Error("", "(unknown module)"))
1615409073369	Marionette	INFO	Listening on port 33513
1615409073437	Marionette	WARN	TLS certificate errors will be ignored for this session

(/usr/lib/firefox/firefox:63993): GLib-GObject-CRITICAL **: 17:44:33.452: g_object_set: assertion 'G_IS_OBJECT (object)' failed

(/usr/lib/firefox/firefox:64014): GLib-GObject-CRITICAL **: 17:44:33.975: g_object_set: assertion 'G_IS_OBJECT (object)' failed
1615409078473	Marionette	INFO	Stopped listening on port 33513

###!!! [Parent][RunMessage] Error: Channel closing: too late to send/recv, messages will be lost

1615409079677	geckodriver	INFO	Listening on 127.0.0.1:59369
1615409080681	mozrunner::runner	INFO	Running command: "/usr/bin/firefox" "--marionette" "--headless" "-foreground" "-no-remote" "-profile" "/tmp/rust_mozprofile659P0X"
*** You are running in headless mode.

(/usr/lib/firefox/firefox:64156): GLib-GObject-CRITICAL **: 17:44:42.182: g_object_set: assertion 'G_IS_OBJECT (object)' failed

(/usr/lib/firefox/firefox:64173): GLib-GObject-CRITICAL **: 17:44:42.403: g_object_set: assertion 'G_IS_OBJECT (object)' failed
console.warn: SearchSettings: "get: No settings file exists, new profile?" (new Error("", "(unknown module)"))
1615409083694	Marionette	INFO	Listening on port 34105
1615409083830	Marionette	WARN	TLS certificate errors will be ignored for this session

(/usr/lib/firefox/firefox:64241): GLib-GObject-CRITICAL **: 17:44:43.851: g_object_set: assertion 'G_IS_OBJECT (object)' failed

(/usr/lib/firefox/firefox:64263): GLib-GObject-CRITICAL **: 17:44:44.270: g_object_set: assertion 'G_IS_OBJECT (object)' failed
1615409088908	Marionette	INFO	Stopped listening on port 34105
1615409090003	geckodriver	INFO	Listening on 127.0.0.1:38411
1615409091007	mozrunner::runner	INFO	Running command: "/usr/bin/firefox" "--marionette" "--headless" "-foreground" "-no-remote" "-profile" "/tmp/rust_mozprofileqHCK9G"
*** You are running in headless mode.

(/usr/lib/firefox/firefox:64401): GLib-GObject-CRITICAL **: 17:44:52.682: g_object_set: assertion 'G_IS_OBJECT (object)' failed

(/usr/lib/firefox/firefox:64418): GLib-GObject-CRITICAL **: 17:44:52.919: g_object_set: assertion 'G_IS_OBJECT (object)' failed
console.warn: SearchSettings: "get: No settings file exists, new profile?" (new Error("", "(unknown module)"))
1615409094264	Marionette	INFO	Listening on port 44029
1615409094350	Marionette	WARN	TLS certificate errors will be ignored for this session

(/usr/lib/firefox/firefox:64486): GLib-GObject-CRITICAL **: 17:44:54.418: g_object_set: assertion 'G_IS_OBJECT (object)' failed

(/usr/lib/firefox/firefox:64507): GLib-GObject-CRITICAL **: 17:44:54.922: g_object_set: assertion 'G_IS_OBJECT (object)' failed
1615409099388	Marionette	INFO	Stopped listening on port 44029
1615409100362	geckodriver	INFO	Listening on 127.0.0.1:51909
1615409101372	mozrunner::runner	INFO	Running command: "/usr/bin/firefox" "--marionette" "--headless" "-foreground" "-no-remote" "-profile" "/tmp/rust_mozprofileMJMQbN"
*** You are running in headless mode.

(/usr/lib/firefox/firefox:64644): GLib-GObject-CRITICAL **: 17:45:02.989: g_object_set: assertion 'G_IS_OBJECT (object)' failed
console.warn: SearchSettings: "get: No settings file exists, new profile?" (new Error("", "(unknown module)"))

(/usr/lib/firefox/firefox:64661): GLib-GObject-CRITICAL **: 17:45:03.302: g_object_set: assertion 'G_IS_OBJECT (object)' failed
1615409104588	Marionette	INFO	Listening on port 45665

(/usr/lib/firefox/firefox:64759): GLib-GObject-CRITICAL **: 17:45:04.720: g_object_set: assertion 'G_IS_OBJECT (object)' failed
1615409104721	Marionette	WARN	TLS certificate errors will be ignored for this session

(/usr/lib/firefox/firefox:64783): GLib-GObject-CRITICAL **: 17:45:05.154: g_object_set: assertion 'G_IS_OBJECT (object)' failed
1615409109732	Marionette	INFO	Stopped listening on port 45665
1615409110682	geckodriver	INFO	Listening on 127.0.0.1:46281
1615409110686	mozrunner::runner	INFO	Running command: "/usr/bin/firefox" "--marionette" "--headless" "-foreground" "-no-remote" "-profile" "/tmp/rust_mozprofileT9ReyN"
*** You are running in headless mode.

(/usr/lib/firefox/firefox:64889): GLib-GObject-CRITICAL **: 17:45:12.187: g_object_set: assertion 'G_IS_OBJECT (object)' failed

(/usr/lib/firefox/firefox:64906): GLib-GObject-CRITICAL **: 17:45:12.427: g_object_set: assertion 'G_IS_OBJECT (object)' failed
console.warn: SearchSettings: "get: No settings file exists, new profile?" (new Error("", "(unknown module)"))
1615409113734	Marionette	INFO	Listening on port 33761
1615409113831	Marionette	WARN	TLS certificate errors will be ignored for this session

(/usr/lib/firefox/firefox:64978): GLib-GObject-CRITICAL **: 17:45:13.884: g_object_set: assertion 'G_IS_OBJECT (object)' failed

(/usr/lib/firefox/firefox:64998): GLib-GObject-CRITICAL **: 17:45:14.320: g_object_set: assertion 'G_IS_OBJECT (object)' failed
1615409118925	Marionette	INFO	Stopped listening on port 33761

###!!! [Parent][RunMessage] Error: Channel closing: too late to send/recv, messages will be lost

1615409119890	geckodriver	INFO	Listening on 127.0.0.1:59011
1615409120893	mozrunner::runner	INFO	Running command: "/usr/bin/firefox" "--marionette" "--headless" "-foreground" "-no-remote" "-profile" "/tmp/rust_mozprofileuoy2e0"
*** You are running in headless mode.

(/usr/lib/firefox/firefox:65119): GLib-GObject-CRITICAL **: 17:45:22.367: g_object_set: assertion 'G_IS_OBJECT (object)' failed

(/usr/lib/firefox/firefox:65137): GLib-GObject-CRITICAL **: 17:45:22.617: g_object_set: assertion 'G_IS_OBJECT (object)' failed
console.warn: SearchSettings: "get: No settings file exists, new profile?" (new Error("", "(unknown module)"))
1615409123902	Marionette	INFO	Listening on port 35981
1615409123946	Marionette	WARN	TLS certificate errors will be ignored for this session

(/usr/lib/firefox/firefox:65208): GLib-GObject-CRITICAL **: 17:45:24.092: g_object_set: assertion 'G_IS_OBJECT (object)' failed

(/usr/lib/firefox/firefox:65224): GLib-GObject-CRITICAL **: 17:45:24.437: g_object_set: assertion 'G_IS_OBJECT (object)' failed
1615409128994	Marionette	INFO	Stopped listening on port 35981

###!!! [Parent][RunMessage] Error: Channel closing: too late to send/recv, messages will be lost


###!!! [Parent][RunMessage] Error: Channel closing: too late to send/recv, messages will be lost

1615409129941	geckodriver	INFO	Listening on 127.0.0.1:60865
1615409130945	mozrunner::runner	INFO	Running command: "/usr/bin/firefox" "--marionette" "--headless" "-foreground" "-no-remote" "-profile" "/tmp/rust_mozprofilejWLc6S"
*** You are running in headless mode.

(/usr/lib/firefox/firefox:65339): GLib-GObject-CRITICAL **: 17:45:32.435: g_object_set: assertion 'G_IS_OBJECT (object)' failed

(/usr/lib/firefox/firefox:65356): GLib-GObject-CRITICAL **: 17:45:32.718: g_object_set: assertion 'G_IS_OBJECT (object)' failed
console.warn: SearchSettings: "get: No settings file exists, new profile?" (new Error("", "(unknown module)"))
1615409133933	Marionette	INFO	Listening on port 40221
1615409133996	Marionette	WARN	TLS certificate errors will be ignored for this session

(/usr/lib/firefox/firefox:65425): GLib-GObject-CRITICAL **: 17:45:34.214: g_object_set: assertion 'G_IS_OBJECT (object)' failed

(/usr/lib/firefox/firefox:65442): GLib-GObject-CRITICAL **: 17:45:34.651: g_object_set: assertion 'G_IS_OBJECT (object)' failed
1615409139535	Marionette	INFO	Stopped listening on port 40221
1615409140642	geckodriver	INFO	Listening on 127.0.0.1:55781
1615409141647	mozrunner::runner	INFO	Running command: "/usr/bin/firefox" "--marionette" "--headless" "-foreground" "-no-remote" "-profile" "/tmp/rust_mozprofiledVUJ6z"
*** You are running in headless mode.

(/usr/lib/firefox/firefox:65583): GLib-GObject-CRITICAL **: 17:45:43.240: g_object_set: assertion 'G_IS_OBJECT (object)' failed
console.warn: SearchSettings: "get: No settings file exists, new profile?" (new Error("", "(unknown module)"))

(/usr/lib/firefox/firefox:65601): GLib-GObject-CRITICAL **: 17:45:43.547: g_object_set: assertion 'G_IS_OBJECT (object)' failed
1615409144661	Marionette	INFO	Listening on port 43123
1615409144792	Marionette	WARN	TLS certificate errors will be ignored for this session

(/usr/lib/firefox/firefox:65680): GLib-GObject-CRITICAL **: 17:45:44.880: g_object_set: assertion 'G_IS_OBJECT (object)' failed

(/usr/lib/firefox/firefox:65698): GLib-GObject-CRITICAL **: 17:45:45.276: g_object_set: assertion 'G_IS_OBJECT (object)' failed
1615409149758	Marionette	INFO	Stopped listening on port 43123

###!!! [Parent][RunMessage] Error: Channel closing: too late to send/recv, messages will be lost

1615409150839	geckodriver	INFO	Listening on 127.0.0.1:42659
1615409151844	mozrunner::runner	INFO	Running command: "/usr/bin/firefox" "--marionette" "--headless" "-foreground" "-no-remote" "-profile" "/tmp/rust_mozprofileaPn4EI"
*** You are running in headless mode.

(/usr/lib/firefox/firefox:65862): GLib-GObject-CRITICAL **: 17:45:53.588: g_object_set: assertion 'G_IS_OBJECT (object)' failed

(/usr/lib/firefox/firefox:65879): GLib-GObject-CRITICAL **: 17:45:53.819: g_object_set: assertion 'G_IS_OBJECT (object)' failed
console.warn: SearchSettings: "get: No settings file exists, new profile?" (new Error("", "(unknown module)"))
1615409155129	Marionette	INFO	Listening on port 41237

(/usr/lib/firefox/firefox:65949): GLib-GObject-CRITICAL **: 17:45:55.192: g_object_set: assertion 'G_IS_OBJECT (object)' failed
1615409155204	Marionette	WARN	TLS certificate errors will be ignored for this session

(/usr/lib/firefox/firefox:65971): GLib-GObject-CRITICAL **: 17:45:55.673: g_object_set: assertion 'G_IS_OBJECT (object)' failed
1615409161149	Marionette	INFO	Stopped listening on port 41237
1615409162424	geckodriver	INFO	Listening on 127.0.0.1:51623
1615409163429	mozrunner::runner	INFO	Running command: "/usr/bin/firefox" "--marionette" "--headless" "-foreground" "-no-remote" "-profile" "/tmp/rust_mozprofileMKiMpr"
*** You are running in headless mode.

(/usr/lib/firefox/firefox:66095): GLib-GObject-CRITICAL **: 17:46:04.911: g_object_set: assertion 'G_IS_OBJECT (object)' failed

(/usr/lib/firefox/firefox:66112): GLib-GObject-CRITICAL **: 17:46:05.213: g_object_set: assertion 'G_IS_OBJECT (object)' failed
console.warn: SearchSettings: "get: No settings file exists, new profile?" (new Error("", "(unknown module)"))
1615409166242	Marionette	INFO	Listening on port 41555

(/usr/lib/firefox/firefox:66181): GLib-GObject-CRITICAL **: 17:46:06.311: g_object_set: assertion 'G_IS_OBJECT (object)' failed
1615409166358	Marionette	WARN	TLS certificate errors will be ignored for this session

(/usr/lib/firefox/firefox:66204): GLib-GObject-CRITICAL **: 17:46:06.807: g_object_set: assertion 'G_IS_OBJECT (object)' failed
1615409171941	Marionette	INFO	Stopped listening on port 41555
1615409172696	geckodriver	INFO	Listening on 127.0.0.1:49921
1615409173704	mozrunner::runner	INFO	Running command: "/usr/bin/firefox" "--marionette" "--headless" "-foreground" "-no-remote" "-profile" "/tmp/rust_mozprofilel0pIi8"
*** You are running in headless mode.

(/usr/lib/firefox/firefox:66325): GLib-GObject-CRITICAL **: 17:46:15.939: g_object_set: assertion 'G_IS_OBJECT (object)' failed

(/usr/lib/firefox/firefox:66342): GLib-GObject-CRITICAL **: 17:46:16.147: g_object_set: assertion 'G_IS_OBJECT (object)' failed
console.warn: SearchSettings: "get: No settings file exists, new profile?" (new Error("", "(unknown module)"))
1615409177140	Marionette	INFO	Listening on port 38337

(/usr/lib/firefox/firefox:66434): GLib-GObject-CRITICAL **: 17:46:17.217: g_object_set: assertion 'G_IS_OBJECT (object)' failed
1615409177249	Marionette	WARN	TLS certificate errors will be ignored for this session

(/usr/lib/firefox/firefox:66456): GLib-GObject-CRITICAL **: 17:46:17.595: g_object_set: assertion 'G_IS_OBJECT (object)' failed
1615409182324	Marionette	INFO	Stopped listening on port 38337
1615409183076	geckodriver	INFO	Listening on 127.0.0.1:58839
1615409184093	mozrunner::runner	INFO	Running command: "/usr/bin/firefox" "--marionette" "--headless" "-foreground" "-no-remote" "-profile" "/tmp/rust_mozprofileurIA5x"
*** You are running in headless mode.

(/usr/lib/firefox/firefox:66569): GLib-GObject-CRITICAL **: 17:46:25.265: g_object_set: assertion 'G_IS_OBJECT (object)' failed

(/usr/lib/firefox/firefox:66587): GLib-GObject-CRITICAL **: 17:46:25.443: g_object_set: assertion 'G_IS_OBJECT (object)' failed
console.warn: SearchSettings: "get: No settings file exists, new profile?" (new Error("", "(unknown module)"))
1615409186471	Marionette	INFO	Listening on port 38093
1615409186525	Marionette	WARN	TLS certificate errors will be ignored for this session

(/usr/lib/firefox/firefox:66660): GLib-GObject-CRITICAL **: 17:46:26.611: g_object_set: assertion 'G_IS_OBJECT (object)' failed

(/usr/lib/firefox/firefox:66676): GLib-GObject-CRITICAL **: 17:46:26.877: g_object_set: assertion 'G_IS_OBJECT (object)' failed
1615409191352	Marionette	INFO	Stopped listening on port 38093
1615409192106	geckodriver	INFO	Listening on 127.0.0.1:53287
1615409193115	mozrunner::runner	INFO	Running command: "/usr/bin/firefox" "--marionette" "--headless" "-foreground" "-no-remote" "-profile" "/tmp/rust_mozprofileX0vf3S"
*** You are running in headless mode.

(/usr/lib/firefox/firefox:66797): GLib-GObject-CRITICAL **: 17:46:34.198: g_object_set: assertion 'G_IS_OBJECT (object)' failed

(/usr/lib/firefox/firefox:66814): GLib-GObject-CRITICAL **: 17:46:34.400: g_object_set: assertion 'G_IS_OBJECT (object)' failed
console.warn: SearchSettings: "get: No settings file exists, new profile?" (new Error("", "(unknown module)"))
1615409195171	Marionette	INFO	Listening on port 39533
1615409195250	Marionette	WARN	TLS certificate errors will be ignored for this session

(/usr/lib/firefox/firefox:66885): GLib-GObject-CRITICAL **: 17:46:35.384: g_object_set: assertion 'G_IS_OBJECT (object)' failed

(/usr/lib/firefox/firefox:66901): GLib-GObject-CRITICAL **: 17:46:35.605: g_object_set: assertion 'G_IS_OBJECT (object)' failed
1615409200014	Marionette	INFO	Stopped listening on port 39533
JavaScript error: resource://activity-stream/lib/ASRouter.jsm, line 988: NS_ERROR_ILLEGAL_VALUE: Component returned failure code: 0x80070057 (NS_ERROR_ILLEGAL_VALUE) [nsIObserverService.removeObserver]
console.error: services.settings: 
  main/fxmonitor-breaches Signature failed  Error: Shutdown, aborting read-only worker requests.
1615409200802	geckodriver	INFO	Listening on 127.0.0.1:51573
1615409201820	mozrunner::runner	INFO	Running command: "/usr/bin/firefox" "--marionette" "--headless" "-foreground" "-no-remote" "-profile" "/tmp/rust_mozprofile2lnOzR"
*** You are running in headless mode.

(/usr/lib/firefox/firefox:67023): GLib-GObject-CRITICAL **: 17:46:42.907: g_object_set: assertion 'G_IS_OBJECT (object)' failed

(/usr/lib/firefox/firefox:67040): GLib-GObject-CRITICAL **: 17:46:43.069: g_object_set: assertion 'G_IS_OBJECT (object)' failed
console.warn: SearchSettings: "get: No settings file exists, new profile?" (new Error("", "(unknown module)"))
1615409204103	Marionette	INFO	Listening on port 44041

(/usr/lib/firefox/firefox:67107): GLib-GObject-CRITICAL **: 17:46:44.157: g_object_set: assertion 'G_IS_OBJECT (object)' failed
1615409204164	Marionette	WARN	TLS certificate errors will be ignored for this session

(/usr/lib/firefox/firefox:67127): GLib-GObject-CRITICAL **: 17:46:44.495: g_object_set: assertion 'G_IS_OBJECT (object)' failed
1615409208912	Marionette	INFO	Stopped listening on port 44041
1615409209675	geckodriver	INFO	Listening on 127.0.0.1:33981
1615409210694	mozrunner::runner	INFO	Running command: "/usr/bin/firefox" "--marionette" "--headless" "-foreground" "-no-remote" "-profile" "/tmp/rust_mozprofileGc2s5c"
*** You are running in headless mode.

(/usr/lib/firefox/firefox:67244): GLib-GObject-CRITICAL **: 17:46:51.767: g_object_set: assertion 'G_IS_OBJECT (object)' failed

(/usr/lib/firefox/firefox:67261): GLib-GObject-CRITICAL **: 17:46:51.980: g_object_set: assertion 'G_IS_OBJECT (object)' failed
console.warn: SearchSettings: "get: No settings file exists, new profile?" (new Error("", "(unknown module)"))
1615409212997	Marionette	INFO	Listening on port 33457
1615409213039	Marionette	WARN	TLS certificate errors will be ignored for this session

(/usr/lib/firefox/firefox:67342): GLib-GObject-CRITICAL **: 17:46:53.084: g_object_set: assertion 'G_IS_OBJECT (object)' failed

(/usr/lib/firefox/firefox:67363): GLib-GObject-CRITICAL **: 17:46:53.396: g_object_set: assertion 'G_IS_OBJECT (object)' failed
1615409217830	Marionette	INFO	Stopped listening on port 33457
1615409218573	geckodriver	INFO	Listening on 127.0.0.1:57091
1615409219583	mozrunner::runner	INFO	Running command: "/usr/bin/firefox" "--marionette" "--headless" "-foreground" "-no-remote" "-profile" "/tmp/rust_mozprofileLQYIlc"
*** You are running in headless mode.

(/usr/lib/firefox/firefox:67484): GLib-GObject-CRITICAL **: 17:47:00.629: g_object_set: assertion 'G_IS_OBJECT (object)' failed

(/usr/lib/firefox/firefox:67501): GLib-GObject-CRITICAL **: 17:47:00.799: g_object_set: assertion 'G_IS_OBJECT (object)' failed
console.warn: SearchSettings: "get: No settings file exists, new profile?" (new Error("", "(unknown module)"))
1615409221605	Marionette	INFO	Listening on port 33511
1615409221714	Marionette	WARN	TLS certificate errors will be ignored for this session

(/usr/lib/firefox/firefox:67569): GLib-GObject-CRITICAL **: 17:47:01.759: g_object_set: assertion 'G_IS_OBJECT (object)' failed

(/usr/lib/firefox/firefox:67590): GLib-GObject-CRITICAL **: 17:47:02.072: g_object_set: assertion 'G_IS_OBJECT (object)' failed
1615409226702	Marionette	INFO	Stopped listening on port 33511
1615409227451	geckodriver	INFO	Listening on 127.0.0.1:55111
1615409228468	mozrunner::runner	INFO	Running command: "/usr/bin/firefox" "--marionette" "--headless" "-foreground" "-no-remote" "-profile" "/tmp/rust_mozprofileLFPXnS"
*** You are running in headless mode.

(/usr/lib/firefox/firefox:67710): GLib-GObject-CRITICAL **: 17:47:09.527: g_object_set: assertion 'G_IS_OBJECT (object)' failed

(/usr/lib/firefox/firefox:67727): GLib-GObject-CRITICAL **: 17:47:09.687: g_object_set: assertion 'G_IS_OBJECT (object)' failed
console.warn: SearchSettings: "get: No settings file exists, new profile?" (new Error("", "(unknown module)"))
1615409230636	Marionette	INFO	Listening on port 42753
1615409230697	Marionette	WARN	TLS certificate errors will be ignored for this session

(/usr/lib/firefox/firefox:67797): GLib-GObject-CRITICAL **: 17:47:10.733: g_object_set: assertion 'G_IS_OBJECT (object)' failed

(/usr/lib/firefox/firefox:67818): GLib-GObject-CRITICAL **: 17:47:11.074: g_object_set: assertion 'G_IS_OBJECT (object)' failed
1615409235542	Marionette	INFO	Stopped listening on port 42753
1615409236319	geckodriver	INFO	Listening on 127.0.0.1:53465
1615409237337	mozrunner::runner	INFO	Running command: "/usr/bin/firefox" "--marionette" "--headless" "-foreground" "-no-remote" "-profile" "/tmp/rust_mozprofileY0qwCl"
*** You are running in headless mode.

(/usr/lib/firefox/firefox:67941): GLib-GObject-CRITICAL **: 17:47:18.447: g_object_set: assertion 'G_IS_OBJECT (object)' failed

(/usr/lib/firefox/firefox:67958): GLib-GObject-CRITICAL **: 17:47:18.604: g_object_set: assertion 'G_IS_OBJECT (object)' failed
console.warn: SearchSettings: "get: No settings file exists, new profile?" (new Error("", "(unknown module)"))
1615409239652	Marionette	INFO	Listening on port 46485
1615409239770	Marionette	WARN	TLS certificate errors will be ignored for this session

(/usr/lib/firefox/firefox:68025): GLib-GObject-CRITICAL **: 17:47:19.808: g_object_set: assertion 'G_IS_OBJECT (object)' failed

(/usr/lib/firefox/firefox:68048): GLib-GObject-CRITICAL **: 17:47:20.105: g_object_set: assertion 'G_IS_OBJECT (object)' failed
1615409245045	Marionette	INFO	Stopped listening on port 46485
1615409245801	geckodriver	INFO	Listening on 127.0.0.1:43687
1615409246810	mozrunner::runner	INFO	Running command: "/usr/bin/firefox" "--marionette" "--headless" "-foreground" "-no-remote" "-profile" "/tmp/rust_mozprofileSPpF8e"
*** You are running in headless mode.

(/usr/lib/firefox/firefox:68143): GLib-GObject-CRITICAL **: 17:47:27.793: g_object_set: assertion 'G_IS_OBJECT (object)' failed

(/usr/lib/firefox/firefox:68160): GLib-GObject-CRITICAL **: 17:47:28.024: g_object_set: assertion 'G_IS_OBJECT (object)' failed
console.warn: SearchSettings: "get: No settings file exists, new profile?" (new Error("", "(unknown module)"))
1615409249042	Marionette	INFO	Listening on port 37871
1615409249145	Marionette	WARN	TLS certificate errors will be ignored for this session

(/usr/lib/firefox/firefox:68250): GLib-GObject-CRITICAL **: 17:47:29.209: g_object_set: assertion 'G_IS_OBJECT (object)' failed

(/usr/lib/firefox/firefox:68272): GLib-GObject-CRITICAL **: 17:47:29.487: g_object_set: assertion 'G_IS_OBJECT (object)' failed
1615409265388	Marionette	INFO	Stopped listening on port 37871
1615409266162	geckodriver	INFO	Listening on 127.0.0.1:41271
1615409267179	mozrunner::runner	INFO	Running command: "/usr/bin/firefox" "--marionette" "--headless" "-foreground" "-no-remote" "-profile" "/tmp/rust_mozprofileugSXIM"
*** You are running in headless mode.

(/usr/lib/firefox/firefox:68392): GLib-GObject-CRITICAL **: 17:47:48.161: g_object_set: assertion 'G_IS_OBJECT (object)' failed

(/usr/lib/firefox/firefox:68409): GLib-GObject-CRITICAL **: 17:47:48.373: g_object_set: assertion 'G_IS_OBJECT (object)' failed
console.warn: SearchSettings: "get: No settings file exists, new profile?" (new Error("", "(unknown module)"))
1615409269311	Marionette	INFO	Listening on port 34315
1615409269414	Marionette	WARN	TLS certificate errors will be ignored for this session

(/usr/lib/firefox/firefox:68502): GLib-GObject-CRITICAL **: 17:47:49.490: g_object_set: assertion 'G_IS_OBJECT (object)' failed

(/usr/lib/firefox/firefox:68521): GLib-GObject-CRITICAL **: 17:47:49.762: g_object_set: assertion 'G_IS_OBJECT (object)' failed
1615409274368	Marionette	INFO	Stopped listening on port 34315
1615409275126	geckodriver	INFO	Listening on 127.0.0.1:36135
1615409276143	mozrunner::runner	INFO	Running command: "/usr/bin/firefox" "--marionette" "--headless" "-foreground" "-no-remote" "-profile" "/tmp/rust_mozprofileqL49tg"
*** You are running in headless mode.

(/usr/lib/firefox/firefox:68620): GLib-GObject-CRITICAL **: 17:47:57.140: g_object_set: assertion 'G_IS_OBJECT (object)' failed

(/usr/lib/firefox/firefox:68637): GLib-GObject-CRITICAL **: 17:47:57.355: g_object_set: assertion 'G_IS_OBJECT (object)' failed
console.warn: SearchSettings: "get: No settings file exists, new profile?" (new Error("", "(unknown module)"))
1615409278228	Marionette	INFO	Listening on port 44249
1615409278271	Marionette	WARN	TLS certificate errors will be ignored for this session

(/usr/lib/firefox/firefox:68708): GLib-GObject-CRITICAL **: 17:47:58.412: g_object_set: assertion 'G_IS_OBJECT (object)' failed

(/usr/lib/firefox/firefox:68724): GLib-GObject-CRITICAL **: 17:47:58.641: g_object_set: assertion 'G_IS_OBJECT (object)' failed
1615409283085	Marionette	INFO	Stopped listening on port 44249

###!!! [Parent][RunMessage] Error: Channel closing: too late to send/recv, messages will be lost

1615409283977	geckodriver	INFO	Listening on 127.0.0.1:59393
1615409284994	mozrunner::runner	INFO	Running command: "/usr/bin/firefox" "--marionette" "--headless" "-foreground" "-no-remote" "-profile" "/tmp/rust_mozprofilelvAPxF"
*** You are running in headless mode.

(/usr/lib/firefox/firefox:68848): GLib-GObject-CRITICAL **: 17:48:06.009: g_object_set: assertion 'G_IS_OBJECT (object)' failed
console.warn: SearchSettings: "get: No settings file exists, new profile?" (new Error("", "(unknown module)"))

(/usr/lib/firefox/firefox:68865): GLib-GObject-CRITICAL **: 17:48:06.208: g_object_set: assertion 'G_IS_OBJECT (object)' failed
1615409286984	Marionette	INFO	Listening on port 36079
1615409287057	Marionette	WARN	TLS certificate errors will be ignored for this session

(/usr/lib/firefox/firefox:68933): GLib-GObject-CRITICAL **: 17:48:07.155: g_object_set: assertion 'G_IS_OBJECT (object)' failed

(/usr/lib/firefox/firefox:68949): GLib-GObject-CRITICAL **: 17:48:07.405: g_object_set: assertion 'G_IS_OBJECT (object)' failed
1615409292317	Marionette	INFO	Stopped listening on port 36079
1615409293087	geckodriver	INFO	Listening on 127.0.0.1:34795
1615409294092	mozrunner::runner	INFO	Running command: "/usr/bin/firefox" "--marionette" "--headless" "-foreground" "-no-remote" "-profile" "/tmp/rust_mozprofile0YSyOD"
*** You are running in headless mode.

(/usr/lib/firefox/firefox:69084): GLib-GObject-CRITICAL **: 17:48:15.115: g_object_set: assertion 'G_IS_OBJECT (object)' failed

(/usr/lib/firefox/firefox:69101): GLib-GObject-CRITICAL **: 17:48:15.358: g_object_set: assertion 'G_IS_OBJECT (object)' failed
console.warn: SearchSettings: "get: No settings file exists, new profile?" (new Error("", "(unknown module)"))
1615409296333	Marionette	INFO	Listening on port 44293
1615409296418	Marionette	WARN	TLS certificate errors will be ignored for this session

(/usr/lib/firefox/firefox:69174): GLib-GObject-CRITICAL **: 17:48:16.447: g_object_set: assertion 'G_IS_OBJECT (object)' failed

(/usr/lib/firefox/firefox:69196): GLib-GObject-CRITICAL **: 17:48:16.731: g_object_set: assertion 'G_IS_OBJECT (object)' failed
1615409301092	Marionette	INFO	Stopped listening on port 44293
1615409302026	geckodriver	INFO	Listening on 127.0.0.1:33503
1615409303042	mozrunner::runner	INFO	Running command: "/usr/bin/firefox" "--marionette" "--headless" "-foreground" "-no-remote" "-profile" "/tmp/rust_mozprofile6PEQrA"
*** You are running in headless mode.

(/usr/lib/firefox/firefox:69351): GLib-GObject-CRITICAL **: 17:48:24.080: g_object_set: assertion 'G_IS_OBJECT (object)' failed

(/usr/lib/firefox/firefox:69368): GLib-GObject-CRITICAL **: 17:48:24.263: g_object_set: assertion 'G_IS_OBJECT (object)' failed
console.warn: SearchSettings: "get: No settings file exists, new profile?" (new Error("", "(unknown module)"))
1615409305163	Marionette	INFO	Listening on port 41529

(/usr/lib/firefox/firefox:69436): GLib-GObject-CRITICAL **: 17:48:25.241: g_object_set: assertion 'G_IS_OBJECT (object)' failed
1615409305276	Marionette	WARN	TLS certificate errors will be ignored for this session

(/usr/lib/firefox/firefox:69457): GLib-GObject-CRITICAL **: 17:48:25.597: g_object_set: assertion 'G_IS_OBJECT (object)' failed
1615409310101	Marionette	INFO	Stopped listening on port 41529
1615409310908	geckodriver	INFO	Listening on 127.0.0.1:45819
1615409311921	mozrunner::runner	INFO	Running command: "/usr/bin/firefox" "--marionette" "--headless" "-foreground" "-no-remote" "-profile" "/tmp/rust_mozprofile9Lw58s"
*** You are running in headless mode.

(/usr/lib/firefox/firefox:69576): GLib-GObject-CRITICAL **: 17:48:32.936: g_object_set: assertion 'G_IS_OBJECT (object)' failed

(/usr/lib/firefox/firefox:69593): GLib-GObject-CRITICAL **: 17:48:33.121: g_object_set: assertion 'G_IS_OBJECT (object)' failed
console.warn: SearchSettings: "get: No settings file exists, new profile?" (new Error("", "(unknown module)"))
1615409314011	Marionette	INFO	Listening on port 33673
1615409314049	Marionette	WARN	TLS certificate errors will be ignored for this session

(/usr/lib/firefox/firefox:69660): GLib-GObject-CRITICAL **: 17:48:34.165: g_object_set: assertion 'G_IS_OBJECT (object)' failed

(/usr/lib/firefox/firefox:69676): GLib-GObject-CRITICAL **: 17:48:34.403: g_object_set: assertion 'G_IS_OBJECT (object)' failed
1615409318910	Marionette	INFO	Stopped listening on port 33673
1615409319774	geckodriver	INFO	Listening on 127.0.0.1:47789
1615409320783	mozrunner::runner	INFO	Running command: "/usr/bin/firefox" "--marionette" "--headless" "-foreground" "-no-remote" "-profile" "/tmp/rust_mozprofileMuHQ9k"
*** You are running in headless mode.

(/usr/lib/firefox/firefox:69795): GLib-GObject-CRITICAL **: 17:48:41.763: g_object_set: assertion 'G_IS_OBJECT (object)' failed

(/usr/lib/firefox/firefox:69812): GLib-GObject-CRITICAL **: 17:48:41.967: g_object_set: assertion 'G_IS_OBJECT (object)' failed
console.warn: SearchSettings: "get: No settings file exists, new profile?" (new Error("", "(unknown module)"))
1615409322847	Marionette	INFO	Listening on port 40071
1615409322910	Marionette	WARN	TLS certificate errors will be ignored for this session

(/usr/lib/firefox/firefox:69877): GLib-GObject-CRITICAL **: 17:48:42.975: g_object_set: assertion 'G_IS_OBJECT (object)' failed

(/usr/lib/firefox/firefox:69894): GLib-GObject-CRITICAL **: 17:48:43.261: g_object_set: assertion 'G_IS_OBJECT (object)' failed
1615409327842	Marionette	INFO	Stopped listening on port 40071
1615409328676	geckodriver	INFO	Listening on 127.0.0.1:43401
1615409329695	mozrunner::runner	INFO	Running command: "/usr/bin/firefox" "--marionette" "--headless" "-foreground" "-no-remote" "-profile" "/tmp/rust_mozprofileTeRxrq"
*** You are running in headless mode.

(/usr/lib/firefox/firefox:70018): GLib-GObject-CRITICAL **: 17:48:50.746: g_object_set: assertion 'G_IS_OBJECT (object)' failed

(/usr/lib/firefox/firefox:70035): GLib-GObject-CRITICAL **: 17:48:50.975: g_object_set: assertion 'G_IS_OBJECT (object)' failed
console.warn: SearchSettings: "get: No settings file exists, new profile?" (new Error("", "(unknown module)"))
1615409331911	Marionette	INFO	Listening on port 45527

(/usr/lib/firefox/firefox:70102): GLib-GObject-CRITICAL **: 17:48:52.026: g_object_set: assertion 'G_IS_OBJECT (object)' failed
1615409332031	Marionette	WARN	TLS certificate errors will be ignored for this session

(/usr/lib/firefox/firefox:70123): GLib-GObject-CRITICAL **: 17:48:52.361: g_object_set: assertion 'G_IS_OBJECT (object)' failed
1615409337337	Marionette	INFO	Stopped listening on port 45527
1615409338163	geckodriver	INFO	Listening on 127.0.0.1:53745
1615409339179	mozrunner::runner	INFO	Running command: "/usr/bin/firefox" "--marionette" "--headless" "-foreground" "-no-remote" "-profile" "/tmp/rust_mozprofilerUpZhR"
*** You are running in headless mode.

(/usr/lib/firefox/firefox:70218): GLib-GObject-CRITICAL **: 17:49:00.138: g_object_set: assertion 'G_IS_OBJECT (object)' failed

(/usr/lib/firefox/firefox:70235): GLib-GObject-CRITICAL **: 17:49:00.340: g_object_set: assertion 'G_IS_OBJECT (object)' failed
console.warn: SearchSettings: "get: No settings file exists, new profile?" (new Error("", "(unknown module)"))
1615409341527	Marionette	INFO	Listening on port 34785
1615409341624	Marionette	WARN	TLS certificate errors will be ignored for this session

(/usr/lib/firefox/firefox:70320): GLib-GObject-CRITICAL **: 17:49:01.648: g_object_set: assertion 'G_IS_OBJECT (object)' failed

(/usr/lib/firefox/firefox:70340): GLib-GObject-CRITICAL **: 17:49:01.997: g_object_set: assertion 'G_IS_OBJECT (object)' failed
1615409346695	Marionette	INFO	Stopped listening on port 34785
1615409347529	geckodriver	INFO	Listening on 127.0.0.1:38893
1615409348538	mozrunner::runner	INFO	Running command: "/usr/bin/firefox" "--marionette" "--headless" "-foreground" "-no-remote" "-profile" "/tmp/rust_mozprofile4Ns4jl"
*** You are running in headless mode.

(/usr/lib/firefox/firefox:70442): GLib-GObject-CRITICAL **: 17:49:09.587: g_object_set: assertion 'G_IS_OBJECT (object)' failed

(/usr/lib/firefox/firefox:70459): GLib-GObject-CRITICAL **: 17:49:09.747: g_object_set: assertion 'G_IS_OBJECT (object)' failed
console.warn: SearchSettings: "get: No settings file exists, new profile?" (new Error("", "(unknown module)"))
1615409350732	Marionette	INFO	Listening on port 39025
1615409350775	Marionette	WARN	TLS certificate errors will be ignored for this session

(/usr/lib/firefox/firefox:70526): GLib-GObject-CRITICAL **: 17:49:10.819: g_object_set: assertion 'G_IS_OBJECT (object)' failed

(/usr/lib/firefox/firefox:70570): GLib-GObject-CRITICAL **: 17:49:11.122: g_object_set: assertion 'G_IS_OBJECT (object)' failed
1615409355629	Marionette	INFO	Stopped listening on port 39025
1615409356469	geckodriver	INFO	Listening on 127.0.0.1:59217
1615409357484	mozrunner::runner	INFO	Running command: "/usr/bin/firefox" "--marionette" "--headless" "-foreground" "-no-remote" "-profile" "/tmp/rust_mozprofileNnM6vC"
*** You are running in headless mode.

(/usr/lib/firefox/firefox:70679): GLib-GObject-CRITICAL **: 17:49:18.509: g_object_set: assertion 'G_IS_OBJECT (object)' failed

(/usr/lib/firefox/firefox:70696): GLib-GObject-CRITICAL **: 17:49:18.690: g_object_set: assertion 'G_IS_OBJECT (object)' failed
console.warn: SearchSettings: "get: No settings file exists, new profile?" (new Error("", "(unknown module)"))
1615409359880	Marionette	INFO	Listening on port 45517
1615409359917	Marionette	WARN	TLS certificate errors will be ignored for this session

(/usr/lib/firefox/firefox:70764): GLib-GObject-CRITICAL **: 17:49:20.072: g_object_set: assertion 'G_IS_OBJECT (object)' failed

(/usr/lib/firefox/firefox:70781): GLib-GObject-CRITICAL **: 17:49:20.247: g_object_set: assertion 'G_IS_OBJECT (object)' failed
1615409365031	Marionette	INFO	Stopped listening on port 45517
1615409365889	geckodriver	INFO	Listening on 127.0.0.1:50211
1615409366906	mozrunner::runner	INFO	Running command: "/usr/bin/firefox" "--marionette" "--headless" "-foreground" "-no-remote" "-profile" "/tmp/rust_mozprofiles2xQug"
*** You are running in headless mode.

(/usr/lib/firefox/firefox:70920): GLib-GObject-CRITICAL **: 17:49:27.921: g_object_set: assertion 'G_IS_OBJECT (object)' failed

(/usr/lib/firefox/firefox:70937): GLib-GObject-CRITICAL **: 17:49:28.276: g_object_set: assertion 'G_IS_OBJECT (object)' failed
console.warn: SearchSettings: "get: No settings file exists, new profile?" (new Error("", "(unknown module)"))
1615409369392	Marionette	INFO	Listening on port 41913
1615409369446	Marionette	WARN	TLS certificate errors will be ignored for this session

(/usr/lib/firefox/firefox:71009): GLib-GObject-CRITICAL **: 17:49:29.524: g_object_set: assertion 'G_IS_OBJECT (object)' failed

(/usr/lib/firefox/firefox:71029): GLib-GObject-CRITICAL **: 17:49:30.366: g_object_set: assertion 'G_IS_OBJECT (object)' failed
1615409375410	Marionette	INFO	Stopped listening on port 41913

###!!! [Parent][RunMessage] Error: Channel closing: too late to send/recv, messages will be lost


###!!! [Parent][RunMessage] Error: Channel closing: too late to send/recv, messages will be lost

1615409376237	geckodriver	INFO	Listening on 127.0.0.1:56067
1615409377255	mozrunner::runner	INFO	Running command: "/usr/bin/firefox" "--marionette" "--headless" "-foreground" "-no-remote" "-profile" "/tmp/rust_mozprofilezARGwu"
*** You are running in headless mode.

(/usr/lib/firefox/firefox:71146): GLib-GObject-CRITICAL **: 17:49:38.362: g_object_set: assertion 'G_IS_OBJECT (object)' failed

(/usr/lib/firefox/firefox:71163): GLib-GObject-CRITICAL **: 17:49:38.512: g_object_set: assertion 'G_IS_OBJECT (object)' failed
console.warn: SearchSettings: "get: No settings file exists, new profile?" (new Error("", "(unknown module)"))
1615409379473	Marionette	INFO	Listening on port 39171

(/usr/lib/firefox/firefox:71230): GLib-GObject-CRITICAL **: 17:49:39.562: g_object_set: assertion 'G_IS_OBJECT (object)' failed
1615409379590	Marionette	WARN	TLS certificate errors will be ignored for this session

(/usr/lib/firefox/firefox:71253): GLib-GObject-CRITICAL **: 17:49:39.904: g_object_set: assertion 'G_IS_OBJECT (object)' failed
1615409384776	Marionette	INFO	Stopped listening on port 39171
1615409385661	geckodriver	INFO	Listening on 127.0.0.1:40787
1615409386679	mozrunner::runner	INFO	Running command: "/usr/bin/firefox" "--marionette" "--headless" "-foreground" "-no-remote" "-profile" "/tmp/rust_mozprofileGdmUdC"
*** You are running in headless mode.

(/usr/lib/firefox/firefox:71371): GLib-GObject-CRITICAL **: 17:49:47.719: g_object_set: assertion 'G_IS_OBJECT (object)' failed

(/usr/lib/firefox/firefox:71388): GLib-GObject-CRITICAL **: 17:49:47.914: g_object_set: assertion 'G_IS_OBJECT (object)' failed
console.warn: SearchSettings: "get: No settings file exists, new profile?" (new Error("", "(unknown module)"))
1615409388956	Marionette	INFO	Listening on port 44225
1615409389008	Marionette	WARN	TLS certificate errors will be ignored for this session

(/usr/lib/firefox/firefox:71456): GLib-GObject-CRITICAL **: 17:49:49.135: g_object_set: assertion 'G_IS_OBJECT (object)' failed

(/usr/lib/firefox/firefox:71473): GLib-GObject-CRITICAL **: 17:49:49.356: g_object_set: assertion 'G_IS_OBJECT (object)' failed
1615409394020	Marionette	INFO	Stopped listening on port 44225
1615409395367	geckodriver	INFO	Listening on 127.0.0.1:59833
1615409396384	mozrunner::runner	INFO	Running command: "/usr/bin/firefox" "--marionette" "--headless" "-foreground" "-no-remote" "-profile" "/tmp/rust_mozprofileDgbmPr"
*** You are running in headless mode.

(/usr/lib/firefox/firefox:71594): GLib-GObject-CRITICAL **: 17:49:57.690: g_object_set: assertion 'G_IS_OBJECT (object)' failed

(/usr/lib/firefox/firefox:71611): GLib-GObject-CRITICAL **: 17:49:58.119: g_object_set: assertion 'G_IS_OBJECT (object)' failed
console.warn: SearchSettings: "get: No settings file exists, new profile?" (new Error("", "(unknown module)"))

(/usr/lib/firefox/firefox:71673): GLib-GObject-CRITICAL **: 17:49:59.439: g_object_set: assertion 'G_IS_OBJECT (object)' failed
1615409399500	Marionette	INFO	Listening on port 45681
1615409399631	Marionette	WARN	TLS certificate errors will be ignored for this session

(/usr/lib/firefox/firefox:71701): GLib-GObject-CRITICAL **: 17:50:00.018: g_object_set: assertion 'G_IS_OBJECT (object)' failed
1615409404801	Marionette	INFO	Stopped listening on port 45681

###!!! [Parent][RunMessage] Error: Channel closing: too late to send/recv, messages will be lost

1615409405669	geckodriver	INFO	Listening on 127.0.0.1:37409
1615409406684	mozrunner::runner	INFO	Running command: "/usr/bin/firefox" "--marionette" "--headless" "-foreground" "-no-remote" "-profile" "/tmp/rust_mozprofileuaOfm8"
*** You are running in headless mode.

(/usr/lib/firefox/firefox:71826): GLib-GObject-CRITICAL **: 17:50:07.722: g_object_set: assertion 'G_IS_OBJECT (object)' failed

(/usr/lib/firefox/firefox:71843): GLib-GObject-CRITICAL **: 17:50:07.936: g_object_set: assertion 'G_IS_OBJECT (object)' failed
console.warn: SearchSettings: "get: No settings file exists, new profile?" (new Error("", "(unknown module)"))
1615409408965	Marionette	INFO	Listening on port 36973
1615409409050	Marionette	WARN	TLS certificate errors will be ignored for this session

(/usr/lib/firefox/firefox:71910): GLib-GObject-CRITICAL **: 17:50:09.149: g_object_set: assertion 'G_IS_OBJECT (object)' failed

(/usr/lib/firefox/firefox:71931): GLib-GObject-CRITICAL **: 17:50:09.530: g_object_set: assertion 'G_IS_OBJECT (object)' failed
1615409413887	Marionette	INFO	Stopped listening on port 36973

###!!! [Parent][RunMessage] Error: Channel closing: too late to send/recv, messages will be lost


###!!! [Parent][RunMessage] Error: Channel closing: too late to send/recv, messages will be lost


###!!! [Parent][RunMessage] Error: Channel closing: too late to send/recv, messages will be lost

1615409414712	geckodriver	INFO	Listening on 127.0.0.1:60351
1615409415728	mozrunner::runner	INFO	Running command: "/usr/bin/firefox" "--marionette" "--headless" "-foreground" "-no-remote" "-profile" "/tmp/rust_mozprofileVIDt7G"
*** You are running in headless mode.

(/usr/lib/firefox/firefox:72050): GLib-GObject-CRITICAL **: 17:50:16.747: g_object_set: assertion 'G_IS_OBJECT (object)' failed

(/usr/lib/firefox/firefox:72067): GLib-GObject-CRITICAL **: 17:50:16.927: g_object_set: assertion 'G_IS_OBJECT (object)' failed
console.warn: SearchSettings: "get: No settings file exists, new profile?" (new Error("", "(unknown module)"))
1615409418469	Marionette	INFO	Listening on port 41237
1615409418627	Marionette	WARN	TLS certificate errors will be ignored for this session

(/usr/lib/firefox/firefox:72136): GLib-GObject-CRITICAL **: 17:50:18.791: g_object_set: assertion 'G_IS_OBJECT (object)' failed

(/usr/lib/firefox/firefox:72158): GLib-GObject-CRITICAL **: 17:50:19.398: g_object_set: assertion 'G_IS_OBJECT (object)' failed
1615409424472	Marionette	INFO	Stopped listening on port 41237

###!!! [Parent][RunMessage] Error: Channel closing: too late to send/recv, messages will be lost


###!!! [Parent][RunMessage] Error: Channel closing: too late to send/recv, messages will be lost

1615409426095	geckodriver	INFO	Listening on 127.0.0.1:40429
1615409427120	mozrunner::runner	INFO	Running command: "/usr/bin/firefox" "--marionette" "--headless" "-foreground" "-no-remote" "-profile" "/tmp/rust_mozprofile7ISqAO"
*** You are running in headless mode.

(/usr/lib/firefox/firefox:72279): GLib-GObject-CRITICAL **: 17:50:28.868: g_object_set: assertion 'G_IS_OBJECT (object)' failed
console.warn: SearchSettings: "get: No settings file exists, new profile?" (new Error("", "(unknown module)"))

(/usr/lib/firefox/firefox:72296): GLib-GObject-CRITICAL **: 17:50:29.235: g_object_set: assertion 'G_IS_OBJECT (object)' failed
1615409430032	Marionette	INFO	Listening on port 39809
1615409430097	Marionette	WARN	TLS certificate errors will be ignored for this session

(/usr/lib/firefox/firefox:72363): GLib-GObject-CRITICAL **: 17:50:30.219: g_object_set: assertion 'G_IS_OBJECT (object)' failed

(/usr/lib/firefox/firefox:72379): GLib-GObject-CRITICAL **: 17:50:30.461: g_object_set: assertion 'G_IS_OBJECT (object)' failed
1615409436148	Marionette	INFO	Stopped listening on port 39809
JavaScript error: resource://activity-stream/lib/ASRouter.jsm, line 988: NS_ERROR_ILLEGAL_VALUE: Component returned failure code: 0x80070057 (NS_ERROR_ILLEGAL_VALUE) [nsIObserverService.removeObserver]
1615409437044	geckodriver	INFO	Listening on 127.0.0.1:41443
1615409438053	mozrunner::runner	INFO	Running command: "/usr/bin/firefox" "--marionette" "--headless" "-foreground" "-no-remote" "-profile" "/tmp/rust_mozprofileIVNjkq"
*** You are running in headless mode.

(/usr/lib/firefox/firefox:72517): GLib-GObject-CRITICAL **: 17:50:39.069: g_object_set: assertion 'G_IS_OBJECT (object)' failed

(/usr/lib/firefox/firefox:72534): GLib-GObject-CRITICAL **: 17:50:39.265: g_object_set: assertion 'G_IS_OBJECT (object)' failed
console.warn: SearchSettings: "get: No settings file exists, new profile?" (new Error("", "(unknown module)"))
1615409440339	Marionette	INFO	Listening on port 37589
1615409440380	Marionette	WARN	TLS certificate errors will be ignored for this session

(/usr/lib/firefox/firefox:72602): GLib-GObject-CRITICAL **: 17:50:40.429: g_object_set: assertion 'G_IS_OBJECT (object)' failed

(/usr/lib/firefox/firefox:72622): GLib-GObject-CRITICAL **: 17:50:40.706: g_object_set: assertion 'G_IS_OBJECT (object)' failed
1615409445342	Marionette	INFO	Stopped listening on port 37589
1615409446097	geckodriver	INFO	Listening on 127.0.0.1:48337
1615409447113	mozrunner::runner	INFO	Running command: "/usr/bin/firefox" "--marionette" "--headless" "-foreground" "-no-remote" "-profile" "/tmp/rust_mozprofilePenQHz"
*** You are running in headless mode.

(/usr/lib/firefox/firefox:72761): GLib-GObject-CRITICAL **: 17:50:48.287: g_object_set: assertion 'G_IS_OBJECT (object)' failed

(/usr/lib/firefox/firefox:72778): GLib-GObject-CRITICAL **: 17:50:48.447: g_object_set: assertion 'G_IS_OBJECT (object)' failed
console.warn: SearchSettings: "get: No settings file exists, new profile?" (new Error("", "(unknown module)"))
1615409449503	Marionette	INFO	Listening on port 46471
1615409449549	Marionette	WARN	TLS certificate errors will be ignored for this session

(/usr/lib/firefox/firefox:72845): GLib-GObject-CRITICAL **: 17:50:49.711: g_object_set: assertion 'G_IS_OBJECT (object)' failed

(/usr/lib/firefox/firefox:72862): GLib-GObject-CRITICAL **: 17:50:49.913: g_object_set: assertion 'G_IS_OBJECT (object)' failed
1615409454664	Marionette	INFO	Stopped listening on port 46471
1615409455564	geckodriver	INFO	Listening on 127.0.0.1:59137
1615409456584	mozrunner::runner	INFO	Running command: "/usr/bin/firefox" "--marionette" "--headless" "-foreground" "-no-remote" "-profile" "/tmp/rust_mozprofileI9ZNIe"
*** You are running in headless mode.

(/usr/lib/firefox/firefox:72978): GLib-GObject-CRITICAL **: 17:50:57.571: g_object_set: assertion 'G_IS_OBJECT (object)' failed

(/usr/lib/firefox/firefox:72995): GLib-GObject-CRITICAL **: 17:50:57.778: g_object_set: assertion 'G_IS_OBJECT (object)' failed
console.warn: SearchSettings: "get: No settings file exists, new profile?" (new Error("", "(unknown module)"))
1615409458762	Marionette	INFO	Listening on port 35869
1615409458824	Marionette	WARN	TLS certificate errors will be ignored for this session

(/usr/lib/firefox/firefox:73063): GLib-GObject-CRITICAL **: 17:50:58.913: g_object_set: assertion 'G_IS_OBJECT (object)' failed

(/usr/lib/firefox/firefox:73079): GLib-GObject-CRITICAL **: 17:50:59.158: g_object_set: assertion 'G_IS_OBJECT (object)' failed
1615409465286	Marionette	INFO	Stopped listening on port 35869
1615409466110	geckodriver	INFO	Listening on 127.0.0.1:50769
1615409467127	mozrunner::runner	INFO	Running command: "/usr/bin/firefox" "--marionette" "--headless" "-foreground" "-no-remote" "-profile" "/tmp/rust_mozprofileh8hcR0"
*** You are running in headless mode.

(/usr/lib/firefox/firefox:73204): GLib-GObject-CRITICAL **: 17:51:08.307: g_object_set: assertion 'G_IS_OBJECT (object)' failed

(/usr/lib/firefox/firefox:73221): GLib-GObject-CRITICAL **: 17:51:08.487: g_object_set: assertion 'G_IS_OBJECT (object)' failed
console.warn: SearchSettings: "get: No settings file exists, new profile?" (new Error("", "(unknown module)"))
1615409469316	Marionette	INFO	Listening on port 36969
1615409469361	Marionette	WARN	TLS certificate errors will be ignored for this session

(/usr/lib/firefox/firefox:73291): GLib-GObject-CRITICAL **: 17:51:09.496: g_object_set: assertion 'G_IS_OBJECT (object)' failed

(/usr/lib/firefox/firefox:73307): GLib-GObject-CRITICAL **: 17:51:09.732: g_object_set: assertion 'G_IS_OBJECT (object)' failed
1615409474179	Marionette	INFO	Stopped listening on port 36969
1615409474954	geckodriver	INFO	Listening on 127.0.0.1:60521
1615409475973	mozrunner::runner	INFO	Running command: "/usr/bin/firefox" "--marionette" "--headless" "-foreground" "-no-remote" "-profile" "/tmp/rust_mozprofile5K1K8h"
*** You are running in headless mode.

(/usr/lib/firefox/firefox:73450): GLib-GObject-CRITICAL **: 17:51:17.087: g_object_set: assertion 'G_IS_OBJECT (object)' failed

(/usr/lib/firefox/firefox:73467): GLib-GObject-CRITICAL **: 17:51:17.232: g_object_set: assertion 'G_IS_OBJECT (object)' failed
console.warn: SearchSettings: "get: No settings file exists, new profile?" (new Error("", "(unknown module)"))
1615409478378	Marionette	INFO	Listening on port 45381
1615409478403	Marionette	WARN	TLS certificate errors will be ignored for this session

(/usr/lib/firefox/firefox:73536): GLib-GObject-CRITICAL **: 17:51:18.468: g_object_set: assertion 'G_IS_OBJECT (object)' failed

(/usr/lib/firefox/firefox:73556): GLib-GObject-CRITICAL **: 17:51:18.781: g_object_set: assertion 'G_IS_OBJECT (object)' failed
1615409483378	Marionette	INFO	Stopped listening on port 45381

###!!! [Parent][RunMessage] Error: Channel closing: too late to send/recv, messages will be lost

1615409484142	geckodriver	INFO	Listening on 127.0.0.1:38325
1615409485160	mozrunner::runner	INFO	Running command: "/usr/bin/firefox" "--marionette" "--headless" "-foreground" "-no-remote" "-profile" "/tmp/rust_mozprofileA3sDtp"
*** You are running in headless mode.

(/usr/lib/firefox/firefox:73683): GLib-GObject-CRITICAL **: 17:51:26.168: g_object_set: assertion 'G_IS_OBJECT (object)' failed

(/usr/lib/firefox/firefox:73700): GLib-GObject-CRITICAL **: 17:51:26.387: g_object_set: assertion 'G_IS_OBJECT (object)' failed
console.warn: SearchSettings: "get: No settings file exists, new profile?" (new Error("", "(unknown module)"))
1615409487279	Marionette	INFO	Listening on port 42885

(/usr/lib/firefox/firefox:73769): GLib-GObject-CRITICAL **: 17:51:27.384: g_object_set: assertion 'G_IS_OBJECT (object)' failed
1615409487399	Marionette	WARN	TLS certificate errors will be ignored for this session

(/usr/lib/firefox/firefox:73790): GLib-GObject-CRITICAL **: 17:51:27.772: g_object_set: assertion 'G_IS_OBJECT (object)' failed
1615409492233	Marionette	INFO	Stopped listening on port 42885
1615409493031	geckodriver	INFO	Listening on 127.0.0.1:59487
1615409494035	mozrunner::runner	INFO	Running command: "/usr/bin/firefox" "--marionette" "--headless" "-foreground" "-no-remote" "-profile" "/tmp/rust_mozprofile4CWSsF"
*** You are running in headless mode.

(/usr/lib/firefox/firefox:73903): GLib-GObject-CRITICAL **: 17:51:35.127: g_object_set: assertion 'G_IS_OBJECT (object)' failed

(/usr/lib/firefox/firefox:73920): GLib-GObject-CRITICAL **: 17:51:35.299: g_object_set: assertion 'G_IS_OBJECT (object)' failed
console.warn: SearchSettings: "get: No settings file exists, new profile?" (new Error("", "(unknown module)"))
1615409497012	Marionette	INFO	Listening on port 46181

(/usr/lib/firefox/firefox:73986): GLib-GObject-CRITICAL **: 17:51:37.093: g_object_set: assertion 'G_IS_OBJECT (object)' failed
1615409497106	Marionette	WARN	TLS certificate errors will be ignored for this session

(/usr/lib/firefox/firefox:74008): GLib-GObject-CRITICAL **: 17:51:37.499: g_object_set: assertion 'G_IS_OBJECT (object)' failed
1615409502475	Marionette	INFO	Stopped listening on port 46181
1615409505383	geckodriver	INFO	Listening on 127.0.0.1:40595
1615409506400	mozrunner::runner	INFO	Running command: "/usr/bin/firefox" "--marionette" "--headless" "-foreground" "-no-remote" "-profile" "/tmp/rust_mozprofileUaunhF"
*** You are running in headless mode.

(/usr/lib/firefox/firefox:74125): GLib-GObject-CRITICAL **: 17:51:47.443: g_object_set: assertion 'G_IS_OBJECT (object)' failed

(/usr/lib/firefox/firefox:74142): GLib-GObject-CRITICAL **: 17:51:47.631: g_object_set: assertion 'G_IS_OBJECT (object)' failed
console.warn: SearchSettings: "get: No settings file exists, new profile?" (new Error("", "(unknown module)"))
1615409508832	Marionette	INFO	Listening on port 46641

(/usr/lib/firefox/firefox:74212): GLib-GObject-CRITICAL **: 17:51:48.928: g_object_set: assertion 'G_IS_OBJECT (object)' failed
1615409508931	Marionette	WARN	TLS certificate errors will be ignored for this session

(/usr/lib/firefox/firefox:74232): GLib-GObject-CRITICAL **: 17:51:49.322: g_object_set: assertion 'G_IS_OBJECT (object)' failed
1615409514559	Marionette	INFO	Stopped listening on port 46641
JavaScript error: resource://activity-stream/lib/ASRouter.jsm, line 988: NS_ERROR_ILLEGAL_VALUE: Component returned failure code: 0x80070057 (NS_ERROR_ILLEGAL_VALUE) [nsIObserverService.removeObserver]

###!!! [Parent][RunMessage] Error: Channel closing: too late to send/recv, messages will be lost

1615409515337	geckodriver	INFO	Listening on 127.0.0.1:35529
1615409516353	mozrunner::runner	INFO	Running command: "/usr/bin/firefox" "--marionette" "--headless" "-foreground" "-no-remote" "-profile" "/tmp/rust_mozprofileE28Syw"
*** You are running in headless mode.

(/usr/lib/firefox/firefox:74359): GLib-GObject-CRITICAL **: 17:51:57.428: g_object_set: assertion 'G_IS_OBJECT (object)' failed
console.warn: SearchSettings: "get: No settings file exists, new profile?" (new Error("", "(unknown module)"))

(/usr/lib/firefox/firefox:74376): GLib-GObject-CRITICAL **: 17:51:57.614: g_object_set: assertion 'G_IS_OBJECT (object)' failed
1615409518365	Marionette	INFO	Listening on port 37579

(/usr/lib/firefox/firefox:74446): GLib-GObject-CRITICAL **: 17:51:58.424: g_object_set: assertion 'G_IS_OBJECT (object)' failed
1615409518510	Marionette	WARN	TLS certificate errors will be ignored for this session

(/usr/lib/firefox/firefox:74466): GLib-GObject-CRITICAL **: 17:51:58.807: g_object_set: assertion 'G_IS_OBJECT (object)' failed
console.error: Region.jsm: "Error fetching region" (new Error("TIMEOUT", "resource://gre/modules/Region.jsm", 775))
console.error: Region.jsm: "Failed to fetch region" (new Error("TIMEOUT", "resource://gre/modules/Region.jsm", 422))
1615409523220	Marionette	INFO	Stopped listening on port 37579
JavaScript error: resource://activity-stream/lib/ASRouter.jsm, line 988: NS_ERROR_ILLEGAL_VALUE: Component returned failure code: 0x80070057 (NS_ERROR_ILLEGAL_VALUE) [nsIObserverService.removeObserver]
console.error: services.settings: 
  main/fxmonitor-breaches Signature failed  TypeError: NetworkError when attempting to fetch resource.
1615409524168	geckodriver	INFO	Listening on 127.0.0.1:55327
1615409525185	mozrunner::runner	INFO	Running command: "/usr/bin/firefox" "--marionette" "--headless" "-foreground" "-no-remote" "-profile" "/tmp/rust_mozprofileHJwBx0"
*** You are running in headless mode.

(/usr/lib/firefox/firefox:74591): GLib-GObject-CRITICAL **: 17:52:06.292: g_object_set: assertion 'G_IS_OBJECT (object)' failed

(/usr/lib/firefox/firefox:74608): GLib-GObject-CRITICAL **: 17:52:06.471: g_object_set: assertion 'G_IS_OBJECT (object)' failed
console.warn: SearchSettings: "get: No settings file exists, new profile?" (new Error("", "(unknown module)"))
1615409527503	Marionette	INFO	Listening on port 43801

(/usr/lib/firefox/firefox:74681): GLib-GObject-CRITICAL **: 17:52:07.575: g_object_set: assertion 'G_IS_OBJECT (object)' failed
1615409527613	Marionette	WARN	TLS certificate errors will be ignored for this session

(/usr/lib/firefox/firefox:74702): GLib-GObject-CRITICAL **: 17:52:07.953: g_object_set: assertion 'G_IS_OBJECT (object)' failed
1615409533028	Marionette	INFO	Stopped listening on port 43801
1615409533926	geckodriver	INFO	Listening on 127.0.0.1:48189
1615409534946	mozrunner::runner	INFO	Running command: "/usr/bin/firefox" "--marionette" "--headless" "-foreground" "-no-remote" "-profile" "/tmp/rust_mozprofilexlYTwW"
*** You are running in headless mode.

(/usr/lib/firefox/firefox:74841): GLib-GObject-CRITICAL **: 17:52:15.965: g_object_set: assertion 'G_IS_OBJECT (object)' failed
console.warn: SearchSettings: "get: No settings file exists, new profile?" (new Error("", "(unknown module)"))

(/usr/lib/firefox/firefox:74858): GLib-GObject-CRITICAL **: 17:52:16.174: g_object_set: assertion 'G_IS_OBJECT (object)' failed
1615409537022	Marionette	INFO	Listening on port 43931
1615409537080	Marionette	WARN	TLS certificate errors will be ignored for this session

(/usr/lib/firefox/firefox:74925): GLib-GObject-CRITICAL **: 17:52:17.172: g_object_set: assertion 'G_IS_OBJECT (object)' failed

(/usr/lib/firefox/firefox:74941): GLib-GObject-CRITICAL **: 17:52:17.427: g_object_set: assertion 'G_IS_OBJECT (object)' failed
1615409542125	Marionette	INFO	Stopped listening on port 43931

###!!! [Parent][RunMessage] Error: Channel closing: too late to send/recv, messages will be lost


###!!! [Parent][RunMessage] Error: Channel closing: too late to send/recv, messages will be lost

1615409542929	geckodriver	INFO	Listening on 127.0.0.1:32883
1615409543949	mozrunner::runner	INFO	Running command: "/usr/bin/firefox" "--marionette" "--headless" "-foreground" "-no-remote" "-profile" "/tmp/rust_mozprofilegQRJSQ"
*** You are running in headless mode.

(/usr/lib/firefox/firefox:75045): GLib-GObject-CRITICAL **: 17:52:25.103: g_object_set: assertion 'G_IS_OBJECT (object)' failed
console.warn: SearchSettings: "get: No settings file exists, new profile?" (new Error("", "(unknown module)"))

(/usr/lib/firefox/firefox:75062): GLib-GObject-CRITICAL **: 17:52:25.336: g_object_set: assertion 'G_IS_OBJECT (object)' failed
1615409546301	Marionette	INFO	Listening on port 33915
1615409546383	Marionette	WARN	TLS certificate errors will be ignored for this session

(/usr/lib/firefox/firefox:75154): GLib-GObject-CRITICAL **: 17:52:26.455: g_object_set: assertion 'G_IS_OBJECT (object)' failed

(/usr/lib/firefox/firefox:75173): GLib-GObject-CRITICAL **: 17:52:26.710: g_object_set: assertion 'G_IS_OBJECT (object)' failed
1615409551297	Marionette	INFO	Stopped listening on port 33915
1615409552156	geckodriver	INFO	Listening on 127.0.0.1:60503
1615409553171	mozrunner::runner	INFO	Running command: "/usr/bin/firefox" "--marionette" "--headless" "-foreground" "-no-remote" "-profile" "/tmp/rust_mozprofileHdEWkN"
*** You are running in headless mode.

(/usr/lib/firefox/firefox:75273): GLib-GObject-CRITICAL **: 17:52:34.213: g_object_set: assertion 'G_IS_OBJECT (object)' failed

(/usr/lib/firefox/firefox:75290): GLib-GObject-CRITICAL **: 17:52:34.423: g_object_set: assertion 'G_IS_OBJECT (object)' failed
console.warn: SearchSettings: "get: No settings file exists, new profile?" (new Error("", "(unknown module)"))
1615409555654	Marionette	INFO	Listening on port 46263
1615409555709	Marionette	WARN	TLS certificate errors will be ignored for this session

(/usr/lib/firefox/firefox:75379): GLib-GObject-CRITICAL **: 17:52:35.884: g_object_set: assertion 'G_IS_OBJECT (object)' failed

(/usr/lib/firefox/firefox:75399): GLib-GObject-CRITICAL **: 17:52:36.099: g_object_set: assertion 'G_IS_OBJECT (object)' failed
1615409560884	Marionette	INFO	Stopped listening on port 46263
1615409561795	geckodriver	INFO	Listening on 127.0.0.1:60321
1615409562811	mozrunner::runner	INFO	Running command: "/usr/bin/firefox" "--marionette" "--headless" "-foreground" "-no-remote" "-profile" "/tmp/rust_mozprofilePGBR5I"
*** You are running in headless mode.

(/usr/lib/firefox/firefox:75539): GLib-GObject-CRITICAL **: 17:52:43.847: g_object_set: assertion 'G_IS_OBJECT (object)' failed

(/usr/lib/firefox/firefox:75557): GLib-GObject-CRITICAL **: 17:52:44.055: g_object_set: assertion 'G_IS_OBJECT (object)' failed
console.warn: SearchSettings: "get: No settings file exists, new profile?" (new Error("", "(unknown module)"))
1615409565086	Marionette	INFO	Listening on port 46523
1615409565141	Marionette	WARN	TLS certificate errors will be ignored for this session

(/usr/lib/firefox/firefox:75638): GLib-GObject-CRITICAL **: 17:52:45.230: g_object_set: assertion 'G_IS_OBJECT (object)' failed

(/usr/lib/firefox/firefox:75656): GLib-GObject-CRITICAL **: 17:52:45.496: g_object_set: assertion 'G_IS_OBJECT (object)' failed
1615409570043	Marionette	INFO	Stopped listening on port 46523
1615409570846	geckodriver	INFO	Listening on 127.0.0.1:55107
1615409571858	mozrunner::runner	INFO	Running command: "/usr/bin/firefox" "--marionette" "--headless" "-foreground" "-no-remote" "-profile" "/tmp/rust_mozprofile1mvnp6"
*** You are running in headless mode.

(/usr/lib/firefox/firefox:75791): GLib-GObject-CRITICAL **: 17:52:53.163: g_object_set: assertion 'G_IS_OBJECT (object)' failed
console.warn: SearchSettings: "get: No settings file exists, new profile?" (new Error("", "(unknown module)"))

(/usr/lib/firefox/firefox:75809): GLib-GObject-CRITICAL **: 17:52:53.334: g_object_set: assertion 'G_IS_OBJECT (object)' failed
Exiting due to channel error.
Exiting due to channel error.
